<?xml version="1.0" encoding="UTF-8"?>
<!-- Generated by org.testng.reporters.JUnitReportReporter -->
<testsuite hostname="DESKTOP-BK18PU9" failures="0" tests="1" name="runner.TestRunner" time="98.437" errors="0" timestamp="2025-04-13T13:42:28 IST" skipped="0">
  <testcase classname="runner.TestRunner" name="runScenario" time="98.437"/>
</testsuite> <!-- runner.TestRunner -->
