<?xml version="1.0" encoding="UTF-8"?>
<!-- Generated by org.testng.reporters.JUnitReportReporter -->
<testsuite hostname="DESKTOP-BK18PU9" failures="0" tests="1" name="runner.TestRunner" time="145.210" errors="0" timestamp="2025-04-19T15:52:56 IST" skipped="0">
  <testcase classname="runner.TestRunner" name="runScenario" time="145.210"/>
</testsuite> <!-- runner.TestRunner -->
